============================= test session starts =============================
platform win32 -- Python 3.14.3, pytest-9.0.3, pluggy-1.6.0 -- C:\Python314\python.exe
cachedir: .pytest_cache
rootdir: E:\Manh\NeoCityDataa
configfile: pytest.ini
plugins: anyio-4.12.1, langsmith-0.7.26
collecting ... collected 93 items

tests/test_intent_classifier.py::TestClassifyIntentLegal::test_phap_ly PASSED [  1%]
tests/test_intent_classifier.py::TestClassifyIntentLegal::test_mo_ban PASSED [  2%]
tests/test_intent_classifier.py::TestClassifyIntentLegal::test_dat_coc PASSED [  3%]
tests/test_intent_classifier.py::TestClassifyIntentLegal::test_huy_dong_von PASSED [  4%]
tests/test_intent_classifier.py::TestClassifyIntentLegal::test_so_do PASSED [  5%]
tests/test_intent_classifier.py::TestClassifyIntentLegal::test_hop_dong PASSED [  6%]
tests/test_intent_classifier.py::TestClassifyIntentLegal::test_english_legal PASSED [  7%]
tests/test_intent_classifier.py::TestClassifyIntentPricing::test_gia_ban PASSED [  8%]
tests/test_intent_classifier.py::TestClassifyIntentPricing::test_bang_gia PASSED [  9%]
tests/test_intent_classifier.py::TestClassifyIntentPricing::test_gia_m2 PASSED [ 10%]
tests/test_intent_classifier.py::TestClassifyIntentPricing::test_english_price PASSED [ 11%]
tests/test_intent_classifier.py::TestClassifyIntentSalesPolicy::test_chinh_sach PASSED [ 12%]
tests/test_intent_classifier.py::TestClassifyIntentSalesPolicy::test_chiet_khau PASSED [ 13%]
tests/test_intent_classifier.py::TestClassifyIntentSalesPolicy::test_tra_gop PASSED [ 15%]
tests/test_intent_classifier.py::TestClassifyIntentSalesPolicy::test_english_discount PASSED [ 16%]
tests/test_intent_classifier.py::TestClassifyIntentMarket::test_tiem_nang PASSED [ 17%]
tests/test_intent_classifier.py::TestClassifyIntentMarket::test_xu_huong PASSED [ 18%]
tests/test_intent_classifier.py::TestClassifyIntentMarket::test_loi_nhuan PASSED [ 19%]
tests/test_intent_classifier.py::TestClassifyIntentMarket::test_english_roi PASSED [ 20%]
tests/test_intent_classifier.py::TestClassifyIntentGeneral::test_tong_quan PASSED [ 21%]
tests/test_intent_classifier.py::TestClassifyIntentGeneral::test_vi_tri PASSED [ 22%]
tests/test_intent_classifier.py::TestClassifyIntentGeneral::test_empty_string PASSED [ 23%]
tests/test_intent_classifier.py::TestClassifyIntentGeneral::test_whitespace_only PASSED [ 24%]
tests/test_intent_classifier.py::TestClassifyIntentGeneral::test_unrelated_english PASSED [ 25%]
tests/test_intent_classifier.py::TestClassifyIntentPriority::test_legal_beats_pricing PASSED [ 26%]
tests/test_intent_classifier.py::TestClassifyIntentPriority::test_legal_beats_sales_policy PASSED [ 27%]
tests/test_intent_classifier.py::TestGetSectionFilter::test_legal_filter PASSED [ 29%]
tests/test_intent_classifier.py::TestGetSectionFilter::test_pricing_filter PASSED [ 30%]
tests/test_intent_classifier.py::TestGetSectionFilter::test_sales_policy_filter PASSED [ 31%]
tests/test_intent_classifier.py::TestGetSectionFilter::test_market_filter PASSED [ 32%]
tests/test_intent_classifier.py::TestGetSectionFilter::test_general_no_filter PASSED [ 33%]
tests/test_intent_classifier.py::TestGetSectionFilter::test_all_intents_covered PASSED [ 34%]
tests/test_intent_classifier.py::test_intent_section_filter_has_all_intents PASSED [ 35%]
tests/test_intent_classifier.py::TestClassifyResultShape::test_has_intent_field PASSED [ 36%]
tests/test_intent_classifier.py::TestClassifyResultShape::test_has_target_sections_field PASSED [ 37%]
tests/test_intent_classifier.py::TestClassifyResultShape::test_has_risk_level_field PASSED [ 38%]
tests/test_intent_classifier.py::TestClassifyResultShape::test_has_must_use_legal_only_field PASSED [ 39%]
tests/test_intent_classifier.py::TestClassifyResultShape::test_to_dict_shape PASSED [ 40%]
tests/test_intent_classifier.py::TestClassifyResultShape::test_empty_query_returns_unknown PASSED [ 41%]
tests/test_intent_classifier.py::TestClassifyResultShape::test_whitespace_query_returns_unknown PASSED [ 43%]
tests/test_intent_classifier.py::TestClassifyLegal::test_mo_ban PASSED   [ 44%]
tests/test_intent_classifier.py::TestClassifyLegal::test_dat_coc PASSED  [ 45%]
tests/test_intent_classifier.py::TestClassifyLegal::test_du_dieu_kien PASSED [ 46%]
tests/test_intent_classifier.py::TestClassifyLegal::test_huy_dong_von PASSED [ 47%]
tests/test_intent_classifier.py::TestClassifyLegal::test_phap_ly PASSED  [ 48%]
tests/test_intent_classifier.py::TestClassifyLegal::test_so_do PASSED    [ 49%]
tests/test_intent_classifier.py::TestClassifyLegal::test_hop_dong_mua_ban PASSED [ 50%]
tests/test_intent_classifier.py::TestClassifyLegal::test_phap_ly_day_du PASSED [ 51%]
tests/test_intent_classifier.py::TestClassifyGuaranteedProfit::test_chac_tang_gia PASSED [ 52%]
tests/test_intent_classifier.py::TestClassifyGuaranteedProfit::test_cam_ket_loi_nhuan PASSED [ 53%]
tests/test_intent_classifier.py::TestClassifyGuaranteedProfit::test_chac_thang PASSED [ 54%]
tests/test_intent_classifier.py::TestClassifyGuaranteedProfit::test_dam_bao_sinh_loi PASSED [ 55%]
tests/test_intent_classifier.py::TestClassifyGuaranteedProfit::test_cam_ket_tang_gia PASSED [ 56%]
tests/test_intent_classifier.py::TestClassifyPricing::test_gia_bao_nhieu_2pn PASSED [ 58%]
tests/test_intent_classifier.py::TestClassifyPricing::test_bang_gia PASSED [ 59%]
tests/test_intent_classifier.py::TestClassifyPricing::test_tong_gia PASSED [ 60%]
tests/test_intent_classifier.py::TestClassifyPricing::test_don_gia PASSED [ 61%]
tests/test_intent_classifier.py::TestClassifyPricing::test_muc_gia PASSED [ 62%]
tests/test_intent_classifier.py::TestClassifyPricing::test_price_sheet_in_sections PASSED [ 63%]
tests/test_intent_classifier.py::TestClassifySalesPolicy::test_vay_ngan_hang PASSED [ 64%]
tests/test_intent_classifier.py::TestClassifySalesPolicy::test_chiet_khau PASSED [ 65%]
tests/test_intent_classifier.py::TestClassifySalesPolicy::test_booking PASSED [ 66%]
tests/test_intent_classifier.py::TestClassifySalesPolicy::test_chinh_sach_thanh_toan PASSED [ 67%]
tests/test_intent_classifier.py::TestClassifySalesPolicy::test_tra_gop PASSED [ 68%]
tests/test_intent_classifier.py::TestClassifyMarket::test_tiem_nang PASSED [ 69%]
tests/test_intent_classifier.py::TestClassifyMarket::test_xu_huong PASSED [ 70%]
tests/test_intent_classifier.py::TestClassifyMarket::test_ty_suat_sinh_loi PASSED [ 72%]
tests/test_intent_classifier.py::TestClassifyLocation::test_ket_noi_san_bay PASSED [ 73%]
tests/test_intent_classifier.py::TestClassifyLocation::test_ha_tang_giao_thong PASSED [ 74%]
tests/test_intent_classifier.py::TestClassifyLocation::test_cach_trung_tam PASSED [ 75%]
tests/test_intent_classifier.py::TestClassifySalesStrategy::test_nen_tu_van_the_nao PASSED [ 76%]
tests/test_intent_classifier.py::TestClassifySalesStrategy::test_xu_ly_tu_choi PASSED [ 77%]
tests/test_intent_classifier.py::TestClassifySalesStrategy::test_kich_ban_ban PASSED [ 78%]
tests/test_intent_classifier.py::TestClassifyPersona::test_khach_hang_muc_tieu PASSED [ 79%]
tests/test_intent_classifier.py::TestClassifyPersona::test_2pn_phu_hop_voi_ai PASSED [ 80%]
tests/test_intent_classifier.py::TestClassifyPersona::test_ai_phu_hop PASSED [ 81%]
tests/test_intent_classifier.py::TestClassifyPersona::test_danh_cho_doi_tuong PASSED [ 82%]
tests/test_intent_classifier.py::TestClassifyAmenities::test_tien_ich PASSED [ 83%]
tests/test_intent_classifier.py::TestClassifyAmenities::test_ho_trung_tam PASSED [ 84%]
tests/test_intent_classifier.py::TestClassifyAmenities::test_be_boi PASSED [ 86%]
tests/test_intent_classifier.py::TestClassifyConcept::test_tagline PASSED [ 87%]
tests/test_intent_classifier.py::TestClassifyConcept::test_dinh_vi PASSED [ 88%]
tests/test_intent_classifier.py::TestClassifyProjectOverview::test_du_an_gi PASSED [ 89%]
tests/test_intent_classifier.py::TestClassifyProjectOverview::test_chu_dau_tu PASSED [ 90%]
tests/test_intent_classifier.py::TestClassifyUnknown::test_unrelated_question PASSED [ 91%]
tests/test_intent_classifier.py::TestClassifyUnknown::test_greeting PASSED [ 92%]
tests/test_intent_classifier.py::TestClassifyPriority::test_legal_beats_pricing_in_rich PASSED [ 93%]
tests/test_intent_classifier.py::TestClassifyPriority::test_legal_beats_sales_policy_in_rich PASSED [ 94%]
tests/test_intent_classifier.py::TestClassifyPriority::test_guaranteed_profit_beats_market_in_rich PASSED [ 95%]
tests/test_intent_classifier.py::TestClassifyPriority::test_pricing_beats_market_in_rich PASSED [ 96%]
tests/test_intent_classifier.py::TestClassifyPriority::test_sales_policy_beats_market_in_rich PASSED [ 97%]
tests/test_intent_classifier.py::TestClassifyPriority::test_legal_must_use_legal_only_true_for_direct PASSED [ 98%]
tests/test_intent_classifier.py::TestClassifyPriority::test_guaranteed_profit_must_use_legal_only_false PASSED [100%]

============================= 93 passed in 0.10s ==============================
